<?xml version="1.0" encoding="UTF-8"?>
<!-- Generated by org.testng.reporters.JUnitReportReporter -->
<testsuite hostname="welcome-PC" name="test.LogoutTest" tests="1" failures="0" timestamp="19 Mar 2016 14:46:42 GMT" time="0.000" errors="1">
  <testcase name="foooool" time="0.000" classname="test.LogoutTest"/>
</testsuite>
