<?xml version="1.0" encoding="UTF-8"?>
<!-- Generated by org.testng.reporters.JUnitReportReporter -->
<testsuite hostname="welcome-PC" name="test.YahooLogin" tests="2" failures="0" timestamp="13 Apr 2016 11:45:05 GMT" time="0.002" errors="0">
  <testcase name="Login" time="0.001" classname="test.YahooLogin"/>
  <testcase name="loginCarefully" time="0.001" classname="test.YahooLogin"/>
</testsuite>
