<?xml version="1.0" encoding="UTF-8"?>
<!-- Generated by org.testng.reporters.JUnitReportReporter -->
<testsuite hostname="welcome-PC" name="test.LoginTest" tests="3" failures="0" timestamp="13 Apr 2016 11:29:06 GMT" time="0.001" errors="0">
  <testcase name="parameterization" time="0.000" classname="test.LoginTest"/>
  <testcase name="parameterization" time="0.000" classname="test.LoginTest"/>
  <testcase name="parameterization" time="0.001" classname="test.LoginTest"/>
</testsuite>
