<?xml version="1.0" encoding="UTF-8"?>
<!-- Generated by org.testng.reporters.JUnitReportReporter -->
<testsuite hostname="welcome-PC" name="test.LoginTest" tests="3" failures="0" timestamp="19 Mar 2016 14:46:42 GMT" time="0.005" errors="0">
  <testcase name="parameterization" time="0.005" classname="test.LoginTest"/>
  <testcase name="parameterization" time="0.000" classname="test.LoginTest"/>
  <testcase name="parameterization" time="0.000" classname="test.LoginTest"/>
</testsuite>
